Arguments: 
  /Users/lifengyi/.nvm/versions/node/v18.14.0/bin/node /Users/lifengyi/.nvm/versions/node/v18.14.0/bin/yarn install

PATH: 
  /Users/lifengyi/bin/Sencha/Cmd:/Users/lifengyi/.nvm/versions/node/v18.14.0/bin:/Library/Frameworks/Python.framework/Versions/3.7/bin:/usr/local/bin:/usr/bin:/bin:/usr/sbin:/sbin:/usr/local/share/dotnet:~/.dotnet/tools:/Library/Apple/usr/bin

Yarn version: 
  1.22.19

Node version: 
  18.14.0

Platform: 
  darwin x64

Trace: 
  Error: connect EHOSTUNREACH 240e:95c:2002:a:3::3fc:443 - Local (:::58066)
      at internalConnect (node:net:1066:16)
      at defaultTriggerAsyncIdScope (node:internal/async_hooks:464:18)
      at emitLookup (node:net:1323:9)
      at /Users/lifengyi/.nvm/versions/node/v18.14.0/lib/node_modules/yarn/lib/cli.js:103587:28
      at /Users/lifengyi/.nvm/versions/node/v18.14.0/lib/node_modules/yarn/lib/cli.js:103496:13
      at module.exports.RawTask.call (/Users/lifengyi/.nvm/versions/node/v18.14.0/lib/node_modules/yarn/lib/cli.js:79584:19)
      at flush (/Users/lifengyi/.nvm/versions/node/v18.14.0/lib/node_modules/yarn/lib/cli.js:79666:29)
      at process.processTicksAndRejections (node:internal/process/task_queues:77:11)

npm manifest: 
  {
    "name": "myApp",
    "version": "1.0.0",
    "private": true,
    "description": "摄影发单接单小程序",
    "templateInfo": {
      "name": "default",
      "typescript": false,
      "css": "sass"
    },
    "scripts": {
      "build:weapp": "taro build --type weapp",
      "build:swan": "taro build --type swan",
      "build:alipay": "taro build --type alipay",
      "build:tt": "taro build --type tt",
      "build:h5": "taro build --type h5",
      "build:rn": "taro build --type rn",
      "build:qq": "taro build --type qq",
      "build:jd": "taro build --type jd",
      "build:quickapp": "taro build --type quickapp",
      "dev:weapp": "npm run build:weapp -- --watch",
      "dev:swan": "npm run build:swan -- --watch",
      "dev:alipay": "npm run build:alipay -- --watch",
      "dev:tt": "npm run build:tt -- --watch",
      "dev:h5": "npm run build:h5 -- --watch",
      "dev:rn": "npm run build:rn -- --watch",
      "dev:qq": "npm run build:qq -- --watch",
      "dev:jd": "npm run build:jd -- --watch",
      "dev:quickapp": "npm run build:quickapp -- --watch"
    },
    "browserslist": [
      "last 3 versions",
      "Android >= 4.1",
      "ios >= 8"
    ],
    "author": "",
    "dependencies": {
      "@babel/runtime": "^7.7.7",
      "@tarojs/components": "3.6.1",
      "@tarojs/helper": "3.6.1",
      "@tarojs/plugin-platform-weapp": "3.6.1",
      "@tarojs/plugin-platform-alipay": "3.6.1",
      "@tarojs/plugin-platform-tt": "3.6.1",
      "@tarojs/plugin-platform-swan": "3.6.1",
      "@tarojs/plugin-platform-jd": "3.6.1",
      "@tarojs/plugin-platform-qq": "3.6.1",
      "@tarojs/plugin-platform-h5": "3.6.1",
      "@tarojs/runtime": "3.6.1",
      "@tarojs/shared": "3.6.1",
      "@tarojs/taro": "3.6.1",
      "@tarojs/plugin-framework-react": "3.6.1",
      "@tarojs/react": "3.6.1",
      "react-dom": "^18.0.0",
      "react": "^18.0.0"
    },
    "devDependencies": {
      "@babel/core": "^7.8.0",
      "@tarojs/cli": "3.6.1",
      "@types/webpack-env": "^1.13.6",
      "@types/react": "^18.0.0",
      "webpack": "5.69.0",
      "@tarojs/webpack5-runner": "3.6.1",
      "babel-preset-taro": "3.6.1",
      "eslint-config-taro": "3.6.1",
      "eslint": "^8.12.0",
      "@pmmmwh/react-refresh-webpack-plugin": "^0.5.5",
      "react-refresh": "^0.11.0",
      "eslint-plugin-react": "^7.8.2",
      "eslint-plugin-import": "^2.12.0",
      "eslint-plugin-react-hooks": "^4.2.0",
      "stylelint": "^14.4.0",
      "postcss": "^8.4.18"
    }
  }

yarn manifest: 
  No manifest

Lockfile: 
  No lockfile
